<?xml version="1.0" encoding="UTF-8"?>
<!-- Generated by org.testng.reporters.JUnitXMLReporter -->
<testsuite ignored="0" hostname="LAPTOP-GHCIP61N" failures="0" tests="1" name="Test-Runner-2" time="12.382" errors="0" timestamp="2023-01-22T20:33:45 IST">
  <testcase classname="Vtiger.Practice.DemoTest2" name="Demo1Test" time="0.001"/>
</testsuite> <!-- Test-Runner-2 -->
