<?xml version="1.0" encoding="UTF-8"?>
<!-- Generated by org.testng.reporters.JUnitReportReporter -->
<testsuite hostname="LAPTOP-GHCIP61N" failures="0" tests="2" name="Vtiger.OrganizationsTestScripts.RegressionTestingWithOrganizationTest" time="22.370" errors="0" timestamp="2023-01-25T22:01:36 IST" skipped="0">
  <testcase classname="Vtiger.OrganizationsTestScripts.RegressionTestingWithOrganizationTest" name="createOrgWithIndustryDataProviderWithSmokeTest" time="15.751"/>
  <system-out/>
  <testcase classname="Vtiger.OrganizationsTestScripts.RegressionTestingWithOrganizationTest" name="demoTest" time="6.619"/>
  <system-out/>
</testsuite> <!-- Vtiger.OrganizationsTestScripts.RegressionTestingWithOrganizationTest -->
