<?xml version="1.0" encoding="UTF-8"?>
<!-- Generated by org.testng.reporters.JUnitReportReporter -->
<testsuite hostname="LAPTOP-GHCIP61N" failures="0" tests="1" name="Vtiger.Practice.DemoTest2" time="11.194" errors="0" timestamp="2023-01-25T12:36:58 IST" skipped="0">
  <testcase classname="Vtiger.Practice.DemoTest2" name="Demo1Test" time="11.194"/>
  <system-out/>
</testsuite> <!-- Vtiger.Practice.DemoTest2 -->
