<?xml version="1.0" encoding="UTF-8"?>
<!-- Generated by org.testng.reporters.JUnitReportReporter -->
<testsuite hostname="LAPTOP-GHCIP61N" failures="0" tests="1" name="Vtiger.OrganizationsTestScripts.RegressionTestingWithOrganizationTest" time="26.734" errors="0" timestamp="2023-01-28T21:34:23 IST" skipped="0">
  <testcase classname="Vtiger.OrganizationsTestScripts.RegressionTestingWithOrganizationTest" name="createOrgWithIndustryDataProviderWithSmokeTest" time="26.734"/>
  <system-out/>
</testsuite> <!-- Vtiger.OrganizationsTestScripts.RegressionTestingWithOrganizationTest -->
