<?xml version="1.0" encoding="UTF-8"?>
<!-- Generated by org.testng.reporters.JUnitReportReporter -->
<testsuite hostname="LAPTOP-GHCIP61N" failures="0" tests="1" name="Vtiger.OrganizationsTestScripts.RegressionTestingWithOrganizationTest" time="0.011" errors="0" timestamp="2023-01-14T07:31:22 IST" skipped="0">
  <testcase classname="Vtiger.OrganizationsTestScripts.RegressionTestingWithOrganizationTest" name="demoTest2" time="0.011"/>
  <system-out/>
</testsuite> <!-- Vtiger.OrganizationsTestScripts.RegressionTestingWithOrganizationTest -->
