<?xml version="1.0" encoding="UTF-8"?>
<!-- Generated by org.testng.reporters.JUnitReportReporter -->
<testsuite hostname="LAPTOP-GHCIP61N" failures="0" tests="2" name="Vtiger.Practice.DataProviderPractice" time="0.018" errors="0" timestamp="2023-01-05T17:50:45 IST" skipped="0">
  <testcase classname="Vtiger.Practice.DataProviderPractice" name="addProductToCart" time="0.017"/>
  <system-out/>
  <testcase classname="Vtiger.Practice.DataProviderPractice" name="addProductToCart" time="0.001"/>
  <system-out/>
</testsuite> <!-- Vtiger.Practice.DataProviderPractice -->
