<?xml version="1.0" encoding="UTF-8"?>
<!-- Generated by org.testng.reporters.JUnitReportReporter -->
<testsuite hostname="LAPTOP-GHCIP61N" failures="0" tests="2" name="Vtiger.ObjectRepositoryTestScripts.CreateOrganizationWithBaseclassTest" time="19.854" errors="0" timestamp="2023-01-09T21:33:58 IST" skipped="0">
  <testcase classname="Vtiger.ObjectRepositoryTestScripts.CreateOrganizationWithBaseclassTest" name="demoTest" time="6.208"/>
  <system-out/>
  <testcase classname="Vtiger.ObjectRepositoryTestScripts.CreateOrganizationWithBaseclassTest" name="createOrgWithIndustryTest" time="13.646"/>
  <system-out/>
</testsuite> <!-- Vtiger.ObjectRepositoryTestScripts.CreateOrganizationWithBaseclassTest -->
