<?xml version="1.0" encoding="UTF-8"?>
<!-- Generated by org.testng.reporters.JUnitReportReporter -->
<testsuite hostname="LAPTOP-GHCIP61N" failures="0" tests="1" name="Vtiger.Practice.DemoTest1" time="12.397" errors="0" timestamp="2023-01-24T16:10:06 IST" skipped="0">
  <testcase classname="Vtiger.Practice.DemoTest1" name="demoTest" time="12.397"/>
  <system-out/>
</testsuite> <!-- Vtiger.Practice.DemoTest1 -->
