<?xml version="1.0" encoding="UTF-8"?>
<!-- Generated by org.testng.reporters.JUnitReportReporter -->
<testsuite hostname="LAPTOP-GHCIP61N" failures="0" tests="1" name="Vtiger.Practice.AssertionPractice" time="0.009" errors="0" timestamp="2023-01-28T21:03:06 IST" skipped="0">
  <testcase classname="Vtiger.Practice.AssertionPractice" name="assertTest2" time="0.009"/>
  <system-out/>
</testsuite> <!-- Vtiger.Practice.AssertionPractice -->
