<?xml version="1.0" encoding="UTF-8"?>
<!-- Generated by org.testng.reporters.JUnitReportReporter -->
<testsuite hostname="LAPTOP-GHCIP61N" failures="0" tests="1" name="Vtiger.Practice.ReadDataFromCommandLineTest" time="0.007" errors="0" timestamp="2023-01-13T11:35:47 IST" skipped="0">
  <testcase classname="Vtiger.Practice.ReadDataFromCommandLineTest" name="readData" time="0.007"/>
  <system-out/>
</testsuite> <!-- Vtiger.Practice.ReadDataFromCommandLineTest -->
